C51 COMPILER V9.54   DELAY                                                                 11/17/2025 21:07:18 PAGE 1   


C51 COMPILER V9.54, COMPILATION OF MODULE DELAY
OBJECT MODULE PLACED IN .\Objects\Delay.obj
COMPILER INVOKED BY: D:\Keil\C51\BIN\C51.EXE ..\14-1 LCD1602“∫æßœ‘ æ∆¡\Delay.c OPTIMIZE(8,SPEED) BROWSE DEBUG OBJECTEXTE
                    -ND PRINT(.\Listings\Delay.lst) TABS(2) OBJECT(.\Objects\Delay.obj)

line level    source

   1          void Delay(unsigned int xms)
   2          {
   3   1        unsigned char i, j;
   4   1        while(xms--)
   5   1        {
   6   2          i = 2;
   7   2          j = 239;
   8   2          do
   9   2          {
  10   3            while (--j);
  11   3          } while (--i);
  12   2        }
  13   1      }


MODULE INFORMATION:   STATIC OVERLAYABLE
   CODE SIZE        =     21    ----
   CONSTANT SIZE    =   ----    ----
   XDATA SIZE       =   ----    ----
   PDATA SIZE       =   ----    ----
   DATA SIZE        =   ----    ----
   IDATA SIZE       =   ----    ----
   BIT SIZE         =   ----    ----
END OF MODULE INFORMATION.


C51 COMPILATION COMPLETE.  0 WARNING(S),  0 ERROR(S)
