C51 COMPILER V9.54   MAIN                                                                  11/17/2025 21:07:17 PAGE 1   


C51 COMPILER V9.54, COMPILATION OF MODULE MAIN
OBJECT MODULE PLACED IN .\Objects\main.obj
COMPILER INVOKED BY: D:\Keil\C51\BIN\C51.EXE main.c OPTIMIZE(8,SPEED) BROWSE DEBUG OBJECTEXTEND PRINT(.\Listings\main.ls
                    -t) TABS(2) OBJECT(.\Objects\main.obj)

line level    source

   1          #include <STC89C5xRC.H>
   2          #include "LCD1602.h"
   3          #include "Delay.h"
   4          #include "Key.h"
   5          #include "menu.h"
   6          #include "PWM.h"
   7          #include "Timer.h"
   8          #include "UART.h"
   9          
  10          // 引脚定义
  11          sbit LED = P2^0;
  12          
  13          void System_Init(void)
  14          {
  15   1          // 系统初始化
  16   1          LCD_Init();
  17   1          PWM_Init();
  18   1          Timer0_Init();
  19   1          UART_Init();  // 串口初始化
  20   1          
  21   1          // 关闭所有外设
  22   1          LED = 1;
  23   1          PWM_SetDuty(0);
  24   1          
  25   1          Delay(100);
  26   1      }
  27          
  28          void main()
  29          {
  30   1          int mode;
  31   1          
  32   1          // 系统初始化
  33   1          System_Init();
  34   1          
  35   1          while(1)
  36   1          {
  37   2              mode = menu();
  38   2              
  39   2              switch(mode)
  40   2              {
  41   3                  case 1: LED_Func(); break;
  42   3                  case 2: UART_Func(); break;
  43   3                  case 3: Timer_Func(); break;
  44   3              }
  45   2              
  46   2              // 更新PWM
  47   2              PWM_Update();
  48   2          }
  49   1      }


MODULE INFORMATION:   STATIC OVERLAYABLE
   CODE SIZE        =     65    ----
   CONSTANT SIZE    =   ----    ----
C51 COMPILER V9.54   MAIN                                                                  11/17/2025 21:07:17 PAGE 2   

   XDATA SIZE       =   ----    ----
   PDATA SIZE       =   ----    ----
   DATA SIZE        =   ----    ----
   IDATA SIZE       =   ----    ----
   BIT SIZE         =   ----    ----
END OF MODULE INFORMATION.


C51 COMPILATION COMPLETE.  0 WARNING(S),  0 ERROR(S)
